SF:lib/data/datasources/movie_remote_data_source.dart
DA:16,1
DA:18,1
DA:20,3
DA:22,2
DA:23,3
DA:25,1
DA:29,1
DA:31,3
DA:33,2
DA:34,3
DA:36,0
LF:11
LH:10
end_of_record
SF:lib/data/models/movie_list_response.dart
DA:8,1
DA:15,1
DA:16,1
DA:17,1
DA:18,5
DA:19,1
DA:20,1
LF:7
LH:7
end_of_record
SF:lib/data/models/movie_model.dart
DA:12,1
DA:23,1
DA:24,1
DA:25,1
DA:26,1
DA:27,1
DA:28,1
DA:29,1
DA:30,1
DA:31,2
DA:32,2
DA:36,0
LF:12
LH:11
end_of_record
SF:lib/main.dart
DA:3,0
DA:4,0
DA:8,2
DA:11,1
DA:13,1
DA:15,1
DA:31,1
DA:40,1
DA:53,1
DA:54,1
DA:60,1
DA:61,2
DA:67,2
DA:71,1
DA:79,1
DA:80,1
DA:84,3
DA:87,3
DA:89,1
DA:92,1
DA:107,1
DA:111,1
DA:112,2
DA:113,3
DA:118,1
DA:119,1
LF:26
LH:24
end_of_record
