SF:lib/data/api_config.dart
DA:7,1
DA:8,1
DA:9,1
DA:10,1
DA:13,0
LF:5
LH:4
end_of_record
SF:lib/data/datasources/movie_remote_data_source.dart
DA:15,1
DA:17,1
DA:19,4
DA:21,2
DA:22,3
DA:24,1
DA:28,1
DA:31,4
DA:33,2
DA:34,3
DA:36,0
LF:11
LH:10
end_of_record
SF:lib/data/models/movie_list_response.dart
DA:9,1
DA:16,1
DA:17,1
DA:18,1
DA:19,1
DA:20,4
DA:21,1
DA:22,1
DA:26,0
DA:27,0
DA:28,0
DA:29,0
DA:30,0
LF:13
LH:8
end_of_record
SF:lib/data/models/movie_model.dart
DA:14,1
DA:25,1
DA:26,1
DA:27,1
DA:28,1
DA:29,1
DA:30,1
DA:31,1
DA:32,1
DA:33,2
DA:34,2
DA:38,0
DA:39,0
DA:41,0
DA:42,0
DA:43,0
DA:44,0
DA:45,0
DA:46,0
DA:47,0
DA:48,0
DA:49,0
LF:22
LH:11
end_of_record
SF:lib/domain/entities/movie_list.dart
DA:10,1
DA:17,0
DA:18,0
LF:3
LH:1
end_of_record
SF:lib/domain/entities/movie.dart
DA:14,0
DA:26,0
DA:27,0
DA:28,0
DA:29,0
DA:30,0
DA:31,0
DA:32,0
DA:33,0
DA:34,0
DA:35,0
DA:36,0
LF:12
LH:0
end_of_record
SF:lib/domain/usecases/movie_usecases.dart
DA:9,1
DA:11,1
DA:13,2
DA:16,1
DA:18,2
LF:5
LH:5
end_of_record
SF:lib/core/failure.dart
DA:4,0
DA:7,0
DA:8,0
DA:12,0
DA:16,0
LF:5
LH:0
end_of_record
SF:lib/presentation/popular/popular_movies_view.dart
DA:11,1
DA:13,1
DA:14,1
DA:19,1
DA:21,1
DA:23,3
DA:24,3
DA:27,1
DA:29,1
DA:30,2
DA:31,1
DA:32,1
DA:35,0
DA:36,0
DA:37,0
DA:41,0
DA:42,0
DA:43,0
DA:44,0
DA:45,0
DA:55,1
DA:57,1
DA:59,1
DA:60,1
DA:63,1
DA:65,1
DA:66,1
DA:68,1
DA:69,1
DA:73,1
DA:74,1
DA:77,1
DA:79,1
DA:80,0
DA:81,0
DA:82,0
DA:86,2
DA:89,1
DA:90,1
DA:92,2
DA:96,2
DA:102,1
LF:42
LH:31
end_of_record
SF:lib/presentation/popular/popular_movies_viewmodel.dart
DA:7,0
DA:8,0
DA:15,0
DA:17,0
DA:19,0
DA:20,0
DA:23,0
DA:25,0
DA:26,0
DA:27,0
DA:28,0
DA:29,0
DA:30,0
DA:31,0
DA:32,0
DA:34,0
DA:35,0
DA:38,0
LF:18
LH:0
end_of_record
SF:lib/presentation/popular/popular_state.dart
DA:13,1
DA:17,2
DA:21,1
DA:27,1
LF:4
LH:4
end_of_record
SF:lib/core/viewmodel.dart
DA:4,0
DA:7,0
DA:9,0
DA:10,0
DA:11,0
LF:5
LH:0
end_of_record
SF:lib/presentation/common/movie_card.dart
DA:10,0
DA:15,0
DA:17,0
DA:18,0
DA:19,0
DA:22,0
DA:25,0
DA:28,0
DA:30,0
DA:32,0
DA:33,0
DA:34,0
DA:35,0
DA:36,0
DA:37,0
DA:38,0
DA:39,0
DA:41,0
DA:44,0
DA:49,0
DA:51,0
DA:53,0
DA:54,0
DA:55,0
DA:57,0
DA:64,0
DA:65,0
DA:66,0
DA:71,0
DA:73,0
DA:75,0
DA:84,0
DA:85,0
DA:90,0
DA:91,0
LF:35
LH:0
end_of_record
